【DEBUG】【20-11-24】【org.apache.ibatis.logging.LogFactory】Logging initialized using 'class org.apache.ibatis.logging.log4j.Log4jImpl' adapter.
【DEBUG】【20-11-24】【org.apache.ibatis.logging.LogFactory】Logging initialized using 'class org.apache.ibatis.logging.log4j.Log4jImpl' adapter.
【DEBUG】【20-11-24】【org.apache.ibatis.datasource.pooled.PooledDataSource】PooledDataSource forcefully closed/removed all connections.
【DEBUG】【20-11-24】【org.apache.ibatis.datasource.pooled.PooledDataSource】PooledDataSource forcefully closed/removed all connections.
【DEBUG】【20-11-24】【org.apache.ibatis.datasource.pooled.PooledDataSource】PooledDataSource forcefully closed/removed all connections.
【DEBUG】【20-11-24】【org.apache.ibatis.datasource.pooled.PooledDataSource】PooledDataSource forcefully closed/removed all connections.
【DEBUG】【20-11-24】【org.apache.ibatis.transaction.jdbc.JdbcTransaction】Opening JDBC Connection
【DEBUG】【20-11-24】【org.apache.ibatis.datasource.pooled.PooledDataSource】Created connection 1898220577.
【DEBUG】【20-11-24】【org.apache.ibatis.transaction.jdbc.JdbcTransaction】Setting autocommit to false on JDBC Connection [com.mysql.jdbc.JDBC4Connection@71248c21]
【DEBUG】【20-11-24】【com.UserMapper.queryUserList】==>  Preparing: select * from User
【DEBUG】【20-11-24】【com.UserMapper.queryUserList】==> Parameters:
【DEBUG】【20-11-24】【com.UserMapper.queryUserList】<==      Total: 6
【DEBUG】【20-11-24】【org.apache.ibatis.transaction.jdbc.JdbcTransaction】Resetting autocommit to true on JDBC Connection [com.mysql.jdbc.JDBC4Connection@71248c21]
【DEBUG】【20-11-24】【org.apache.ibatis.transaction.jdbc.JdbcTransaction】Closing JDBC Connection [com.mysql.jdbc.JDBC4Connection@71248c21]
【DEBUG】【20-11-24】【org.apache.ibatis.datasource.pooled.PooledDataSource】Returned connection 1898220577 to pool.
【DEBUG】【20-11-24】【org.apache.ibatis.logging.LogFactory】Logging initialized using 'class org.apache.ibatis.logging.log4j.Log4jImpl' adapter.
【DEBUG】【20-11-24】【org.apache.ibatis.logging.LogFactory】Logging initialized using 'class org.apache.ibatis.logging.log4j.Log4jImpl' adapter.
【DEBUG】【20-11-24】【org.apache.ibatis.datasource.pooled.PooledDataSource】PooledDataSource forcefully closed/removed all connections.
【DEBUG】【20-11-24】【org.apache.ibatis.datasource.pooled.PooledDataSource】PooledDataSource forcefully closed/removed all connections.
【DEBUG】【20-11-24】【org.apache.ibatis.datasource.pooled.PooledDataSource】PooledDataSource forcefully closed/removed all connections.
【DEBUG】【20-11-24】【org.apache.ibatis.datasource.pooled.PooledDataSource】PooledDataSource forcefully closed/removed all connections.
【DEBUG】【20-11-24】【org.apache.ibatis.transaction.jdbc.JdbcTransaction】Opening JDBC Connection
【DEBUG】【20-11-24】【org.apache.ibatis.datasource.pooled.PooledDataSource】Created connection 1898220577.
【DEBUG】【20-11-24】【org.apache.ibatis.transaction.jdbc.JdbcTransaction】Setting autocommit to false on JDBC Connection [com.mysql.jdbc.JDBC4Connection@71248c21]
【DEBUG】【20-11-24】【com.UserMapper.queryUserList】==>  Preparing: select * from User
【DEBUG】【20-11-24】【com.UserMapper.queryUserList】==> Parameters:
【DEBUG】【20-11-24】【com.UserMapper.queryUserList】<==      Total: 6
【INFO】【20-11-24】【com.UserMapperTest】User{id=12, userId='admin', userName='管理员', pwd='null', groupId=12, telphone='18753104993', station=''}
【INFO】【20-11-24】【com.UserMapperTest】User{id=13, userId='admin', userName='工单岗', pwd='null', groupId=15, telphone='18753104993', station='null'}
【INFO】【20-11-24】【com.UserMapperTest】User{id=14, userId='000111', userName='测试1', pwd='null', groupId=17, telphone='', station='null'}
【INFO】【20-11-24】【com.UserMapperTest】User{id=15, userId='000112', userName='测试2', pwd='null', groupId=17, telphone='null', station='null'}
【INFO】【20-11-24】【com.UserMapperTest】User{id=16, userId='000113', userName='测试3', pwd='null', groupId=18, telphone='null', station='null'}
【INFO】【20-11-24】【com.UserMapperTest】User{id=18, userId='10018', userName='修改', pwd='null', groupId=1, telphone='18753104993', station=''}
【DEBUG】【20-11-24】【org.apache.ibatis.transaction.jdbc.JdbcTransaction】Resetting autocommit to true on JDBC Connection [com.mysql.jdbc.JDBC4Connection@71248c21]
【DEBUG】【20-11-24】【org.apache.ibatis.transaction.jdbc.JdbcTransaction】Closing JDBC Connection [com.mysql.jdbc.JDBC4Connection@71248c21]
【DEBUG】【20-11-24】【org.apache.ibatis.datasource.pooled.PooledDataSource】Returned connection 1898220577 to pool.
【DEBUG】【20-11-25】【org.apache.ibatis.logging.LogFactory】Logging initialized using 'class org.apache.ibatis.logging.log4j.Log4jImpl' adapter.
【DEBUG】【20-11-25】【org.apache.ibatis.logging.LogFactory】Logging initialized using 'class org.apache.ibatis.logging.log4j.Log4jImpl' adapter.
【DEBUG】【20-11-25】【org.apache.ibatis.datasource.pooled.PooledDataSource】PooledDataSource forcefully closed/removed all connections.
【DEBUG】【20-11-25】【org.apache.ibatis.datasource.pooled.PooledDataSource】PooledDataSource forcefully closed/removed all connections.
【DEBUG】【20-11-25】【org.apache.ibatis.datasource.pooled.PooledDataSource】PooledDataSource forcefully closed/removed all connections.
【DEBUG】【20-11-25】【org.apache.ibatis.datasource.pooled.PooledDataSource】PooledDataSource forcefully closed/removed all connections.
【DEBUG】【20-11-25】【org.apache.ibatis.transaction.jdbc.JdbcTransaction】Opening JDBC Connection
【DEBUG】【20-11-25】【org.apache.ibatis.datasource.pooled.PooledDataSource】Created connection 1898220577.
【DEBUG】【20-11-25】【org.apache.ibatis.transaction.jdbc.JdbcTransaction】Setting autocommit to false on JDBC Connection [com.mysql.jdbc.JDBC4Connection@71248c21]
【DEBUG】【20-11-25】【com.UserMapper.queryUserList】==>  Preparing: select * from User
【DEBUG】【20-11-25】【com.UserMapper.queryUserList】==> Parameters:
【DEBUG】【20-11-25】【com.UserMapper.queryUserList】<==      Total: 6
【INFO】【20-11-25】【com.UserMapperTest】User{id=12, userId='admin', userName='管理员', pwd='null', groupId=12, telphone='18753104993', station=''}
【INFO】【20-11-25】【com.UserMapperTest】User{id=13, userId='admin', userName='工单岗', pwd='null', groupId=15, telphone='18753104993', station='null'}
【INFO】【20-11-25】【com.UserMapperTest】User{id=14, userId='000111', userName='测试1', pwd='null', groupId=17, telphone='', station='null'}
【INFO】【20-11-25】【com.UserMapperTest】User{id=15, userId='000112', userName='测试2', pwd='null', groupId=17, telphone='null', station='null'}
【INFO】【20-11-25】【com.UserMapperTest】User{id=16, userId='000113', userName='测试3', pwd='null', groupId=18, telphone='null', station='null'}
【INFO】【20-11-25】【com.UserMapperTest】User{id=18, userId='10018', userName='修改', pwd='null', groupId=1, telphone='18753104993', station=''}
【DEBUG】【20-11-25】【org.apache.ibatis.transaction.jdbc.JdbcTransaction】Resetting autocommit to true on JDBC Connection [com.mysql.jdbc.JDBC4Connection@71248c21]
【DEBUG】【20-11-25】【org.apache.ibatis.transaction.jdbc.JdbcTransaction】Closing JDBC Connection [com.mysql.jdbc.JDBC4Connection@71248c21]
【DEBUG】【20-11-25】【org.apache.ibatis.datasource.pooled.PooledDataSource】Returned connection 1898220577 to pool.
【DEBUG】【20-11-25】【org.apache.ibatis.logging.LogFactory】Logging initialized using 'class org.apache.ibatis.logging.log4j.Log4jImpl' adapter.
【DEBUG】【20-11-25】【org.apache.ibatis.logging.LogFactory】Logging initialized using 'class org.apache.ibatis.logging.log4j.Log4jImpl' adapter.
【DEBUG】【20-11-25】【org.apache.ibatis.datasource.pooled.PooledDataSource】PooledDataSource forcefully closed/removed all connections.
【DEBUG】【20-11-25】【org.apache.ibatis.datasource.pooled.PooledDataSource】PooledDataSource forcefully closed/removed all connections.
【DEBUG】【20-11-25】【org.apache.ibatis.datasource.pooled.PooledDataSource】PooledDataSource forcefully closed/removed all connections.
【DEBUG】【20-11-25】【org.apache.ibatis.datasource.pooled.PooledDataSource】PooledDataSource forcefully closed/removed all connections.
【DEBUG】【20-11-25】【org.apache.ibatis.transaction.jdbc.JdbcTransaction】Opening JDBC Connection
【DEBUG】【20-11-25】【org.apache.ibatis.datasource.pooled.PooledDataSource】Created connection 1691875296.
【DEBUG】【20-11-25】【org.apache.ibatis.transaction.jdbc.JdbcTransaction】Setting autocommit to false on JDBC Connection [com.mysql.jdbc.JDBC4Connection@64d7f7e0]
【DEBUG】【20-11-25】【com.UserMapper.queryUserLimit】==>  Preparing: select * from User limit ?,?
【DEBUG】【20-11-25】【com.UserMapper.queryUserLimit】==> Parameters: 0(Integer), 2(Integer)
【DEBUG】【20-11-25】【com.UserMapper.queryUserLimit】<==      Total: 2
【INFO】【20-11-25】【com.UserMapperTest】User{id=12, userId='admin', userName='管理员', pwd='admin', groupId=12, telphone='18753104993', station=''}
【INFO】【20-11-25】【com.UserMapperTest】User{id=13, userId='admin', userName='工单岗', pwd='111111', groupId=15, telphone='18753104993', station='null'}
【DEBUG】【20-11-25】【org.apache.ibatis.transaction.jdbc.JdbcTransaction】Resetting autocommit to true on JDBC Connection [com.mysql.jdbc.JDBC4Connection@64d7f7e0]
【DEBUG】【20-11-25】【org.apache.ibatis.transaction.jdbc.JdbcTransaction】Closing JDBC Connection [com.mysql.jdbc.JDBC4Connection@64d7f7e0]
【DEBUG】【20-11-25】【org.apache.ibatis.datasource.pooled.PooledDataSource】Returned connection 1691875296 to pool.
【DEBUG】【20-11-28】【org.apache.ibatis.logging.LogFactory】Logging initialized using 'class org.apache.ibatis.logging.log4j.Log4jImpl' adapter.
【DEBUG】【20-11-28】【org.apache.ibatis.logging.LogFactory】Logging initialized using 'class org.apache.ibatis.logging.log4j.Log4jImpl' adapter.
【DEBUG】【20-11-28】【org.apache.ibatis.datasource.pooled.PooledDataSource】PooledDataSource forcefully closed/removed all connections.
【DEBUG】【20-11-28】【org.apache.ibatis.datasource.pooled.PooledDataSource】PooledDataSource forcefully closed/removed all connections.
【DEBUG】【20-11-28】【org.apache.ibatis.datasource.pooled.PooledDataSource】PooledDataSource forcefully closed/removed all connections.
【DEBUG】【20-11-28】【org.apache.ibatis.datasource.pooled.PooledDataSource】PooledDataSource forcefully closed/removed all connections.
【DEBUG】【20-11-28】【org.apache.ibatis.transaction.jdbc.JdbcTransaction】Opening JDBC Connection
【DEBUG】【20-11-28】【org.apache.ibatis.datasource.pooled.PooledDataSource】Created connection 1898220577.
【DEBUG】【20-11-28】【org.apache.ibatis.transaction.jdbc.JdbcTransaction】Setting autocommit to false on JDBC Connection [com.mysql.jdbc.JDBC4Connection@71248c21]
【DEBUG】【20-11-28】【com.mapper.UserMapper.queryUserList】==>  Preparing: select * from User
【DEBUG】【20-11-28】【com.mapper.UserMapper.queryUserList】==> Parameters: 
【DEBUG】【20-11-28】【com.mapper.UserMapper.queryUserList】<==      Total: 6
【INFO】【20-11-28】【com.mapper.UserMapperTest】User{id=12, userId='admin', userName='管理员', pwd='null', groupId=12, telphone='18753104993', station=''}
【INFO】【20-11-28】【com.mapper.UserMapperTest】User{id=13, userId='admin', userName='工单岗', pwd='null', groupId=15, telphone='18753104993', station='null'}
【INFO】【20-11-28】【com.mapper.UserMapperTest】User{id=14, userId='000111', userName='测试1', pwd='null', groupId=17, telphone='', station='null'}
【INFO】【20-11-28】【com.mapper.UserMapperTest】User{id=15, userId='000112', userName='测试2', pwd='null', groupId=17, telphone='null', station='null'}
【INFO】【20-11-28】【com.mapper.UserMapperTest】User{id=16, userId='000113', userName='测试3', pwd='null', groupId=18, telphone='null', station='null'}
【INFO】【20-11-28】【com.mapper.UserMapperTest】User{id=18, userId='10018', userName='修改', pwd='null', groupId=1, telphone='18753104993', station=''}
【DEBUG】【20-11-28】【org.apache.ibatis.transaction.jdbc.JdbcTransaction】Resetting autocommit to true on JDBC Connection [com.mysql.jdbc.JDBC4Connection@71248c21]
【DEBUG】【20-11-28】【org.apache.ibatis.transaction.jdbc.JdbcTransaction】Closing JDBC Connection [com.mysql.jdbc.JDBC4Connection@71248c21]
【DEBUG】【20-11-28】【org.apache.ibatis.datasource.pooled.PooledDataSource】Returned connection 1898220577 to pool.
